ARM GAS  /tmp/ccZYWEOa.s 			page 1


   1              		.cpu cortex-m4
   2              		.arch armv7e-m
   3              		.fpu fpv4-sp-d16
   4              		.eabi_attribute 27, 1
   5              		.eabi_attribute 28, 1
   6              		.eabi_attribute 20, 1
   7              		.eabi_attribute 21, 1
   8              		.eabi_attribute 23, 3
   9              		.eabi_attribute 24, 1
  10              		.eabi_attribute 25, 1
  11              		.eabi_attribute 26, 1
  12              		.eabi_attribute 30, 1
  13              		.eabi_attribute 34, 1
  14              		.eabi_attribute 18, 4
  15              		.file	"retarget.c"
  16              		.text
  17              	.Ltext0:
  18              		.cfi_sections	.debug_frame
  19              		.section	.text.RetargetInit,"ax",%progbits
  20              		.align	1
  21              		.global	RetargetInit
  22              		.syntax unified
  23              		.thumb
  24              		.thumb_func
  26              	RetargetInit:
  27              	.LVL0:
  28              	.LFB157:
  29              		.file 1 "Core/Src/retarget.c"
   1:Core/Src/retarget.c **** #include <_ansi.h>
   2:Core/Src/retarget.c **** #include <_syslist.h>
   3:Core/Src/retarget.c **** #include <errno.h>
   4:Core/Src/retarget.c **** #include <sys/time.h>
   5:Core/Src/retarget.c **** #include <sys/times.h>
   6:Core/Src/retarget.c **** #include <limits.h>
   7:Core/Src/retarget.c **** #include <signal.h>
   8:Core/Src/retarget.c **** #include <stdint.h>
   9:Core/Src/retarget.c **** #include <stdio.h>
  10:Core/Src/retarget.c **** #include "retarget.h"
  11:Core/Src/retarget.c **** 
  12:Core/Src/retarget.c **** #if !defined(OS_USE_SEMIHOSTING)
  13:Core/Src/retarget.c **** 
  14:Core/Src/retarget.c **** #define STDIN_FILENO  0
  15:Core/Src/retarget.c **** #define STDOUT_FILENO 1
  16:Core/Src/retarget.c **** #define STDERR_FILENO 2
  17:Core/Src/retarget.c **** 
  18:Core/Src/retarget.c **** UART_HandleTypeDef *gHuart;
  19:Core/Src/retarget.c **** 
  20:Core/Src/retarget.c **** void RetargetInit(UART_HandleTypeDef *huart) {
  30              		.loc 1 20 46 view -0
  31              		.cfi_startproc
  32              		@ args = 0, pretend = 0, frame = 0
  33              		@ frame_needed = 0, uses_anonymous_args = 0
  34              		.loc 1 20 46 is_stmt 0 view .LVU1
  35 0000 08B5     		push	{r3, lr}
  36              	.LCFI0:
  37              		.cfi_def_cfa_offset 8
  38              		.cfi_offset 3, -8
ARM GAS  /tmp/ccZYWEOa.s 			page 2


  39              		.cfi_offset 14, -4
  21:Core/Src/retarget.c ****   gHuart = huart;
  40              		.loc 1 21 3 is_stmt 1 view .LVU2
  41              		.loc 1 21 10 is_stmt 0 view .LVU3
  42 0002 054B     		ldr	r3, .L3
  43 0004 1860     		str	r0, [r3]
  22:Core/Src/retarget.c **** 
  23:Core/Src/retarget.c ****   /* Disable I/O buffering for STDOUT stream, so that
  24:Core/Src/retarget.c ****    * chars are sent out as soon as they are printed. */
  25:Core/Src/retarget.c ****   setvbuf(stdout, NULL, _IONBF, 0);
  44              		.loc 1 25 3 is_stmt 1 view .LVU4
  45              		.loc 1 25 11 is_stmt 0 view .LVU5
  46 0006 054B     		ldr	r3, .L3+4
  47 0008 1868     		ldr	r0, [r3]
  48              	.LVL1:
  49              		.loc 1 25 3 view .LVU6
  50 000a 0023     		movs	r3, #0
  51 000c 0222     		movs	r2, #2
  52 000e 1946     		mov	r1, r3
  53 0010 8068     		ldr	r0, [r0, #8]
  54 0012 FFF7FEFF 		bl	setvbuf
  55              	.LVL2:
  26:Core/Src/retarget.c **** }
  56              		.loc 1 26 1 view .LVU7
  57 0016 08BD     		pop	{r3, pc}
  58              	.L4:
  59              		.align	2
  60              	.L3:
  61 0018 00000000 		.word	.LANCHOR0
  62 001c 00000000 		.word	_impure_ptr
  63              		.cfi_endproc
  64              	.LFE157:
  66              		.section	.text._isatty,"ax",%progbits
  67              		.align	1
  68              		.global	_isatty
  69              		.syntax unified
  70              		.thumb
  71              		.thumb_func
  73              	_isatty:
  74              	.LVL3:
  75              	.LFB158:
  27:Core/Src/retarget.c **** 
  28:Core/Src/retarget.c **** int _isatty(int fd) {
  76              		.loc 1 28 21 is_stmt 1 view -0
  77              		.cfi_startproc
  78              		@ args = 0, pretend = 0, frame = 0
  79              		@ frame_needed = 0, uses_anonymous_args = 0
  29:Core/Src/retarget.c ****   if (fd >= STDIN_FILENO && fd <= STDERR_FILENO)
  80              		.loc 1 29 3 view .LVU9
  81              		.loc 1 29 6 is_stmt 0 view .LVU10
  82 0000 0228     		cmp	r0, #2
  83 0002 01D8     		bhi	.L12
  30:Core/Src/retarget.c ****     return 1;
  84              		.loc 1 30 12 view .LVU11
  85 0004 0120     		movs	r0, #1
  86              	.LVL4:
  31:Core/Src/retarget.c **** 
ARM GAS  /tmp/ccZYWEOa.s 			page 3


  32:Core/Src/retarget.c ****   errno = EBADF;
  33:Core/Src/retarget.c ****   return 0;
  34:Core/Src/retarget.c **** }
  87              		.loc 1 34 1 view .LVU12
  88 0006 7047     		bx	lr
  89              	.LVL5:
  90              	.L12:
  28:Core/Src/retarget.c ****   if (fd >= STDIN_FILENO && fd <= STDERR_FILENO)
  91              		.loc 1 28 21 view .LVU13
  92 0008 08B5     		push	{r3, lr}
  93              	.LCFI1:
  94              		.cfi_def_cfa_offset 8
  95              		.cfi_offset 3, -8
  96              		.cfi_offset 14, -4
  32:Core/Src/retarget.c ****   return 0;
  97              		.loc 1 32 3 is_stmt 1 view .LVU14
  98 000a FFF7FEFF 		bl	__errno
  99              	.LVL6:
  32:Core/Src/retarget.c ****   return 0;
 100              		.loc 1 32 9 is_stmt 0 view .LVU15
 101 000e 0923     		movs	r3, #9
 102 0010 0360     		str	r3, [r0]
  33:Core/Src/retarget.c **** }
 103              		.loc 1 33 3 is_stmt 1 view .LVU16
  33:Core/Src/retarget.c **** }
 104              		.loc 1 33 10 is_stmt 0 view .LVU17
 105 0012 0020     		movs	r0, #0
 106              		.loc 1 34 1 view .LVU18
 107 0014 08BD     		pop	{r3, pc}
 108              		.cfi_endproc
 109              	.LFE158:
 111              		.section	.text._write,"ax",%progbits
 112              		.align	1
 113              		.global	_write
 114              		.syntax unified
 115              		.thumb
 116              		.thumb_func
 118              	_write:
 119              	.LVL7:
 120              	.LFB159:
  35:Core/Src/retarget.c **** 
  36:Core/Src/retarget.c **** int _write(int fd, char* ptr, int len) {
 121              		.loc 1 36 40 is_stmt 1 view -0
 122              		.cfi_startproc
 123              		@ args = 0, pretend = 0, frame = 0
 124              		@ frame_needed = 0, uses_anonymous_args = 0
 125              		.loc 1 36 40 is_stmt 0 view .LVU20
 126 0000 10B5     		push	{r4, lr}
 127              	.LCFI2:
 128              		.cfi_def_cfa_offset 8
 129              		.cfi_offset 4, -8
 130              		.cfi_offset 14, -4
  37:Core/Src/retarget.c ****   HAL_StatusTypeDef hstatus;
 131              		.loc 1 37 3 is_stmt 1 view .LVU21
  38:Core/Src/retarget.c **** 
  39:Core/Src/retarget.c ****   if (fd == STDOUT_FILENO || fd == STDERR_FILENO) {
 132              		.loc 1 39 3 view .LVU22
ARM GAS  /tmp/ccZYWEOa.s 			page 4


 133              		.loc 1 39 27 is_stmt 0 view .LVU23
 134 0002 0138     		subs	r0, r0, #1
 135              	.LVL8:
 136              		.loc 1 39 6 view .LVU24
 137 0004 0128     		cmp	r0, #1
 138 0006 0AD8     		bhi	.L14
 139 0008 1446     		mov	r4, r2
  40:Core/Src/retarget.c ****     hstatus = HAL_UART_Transmit(gHuart, (uint8_t *) ptr, len, HAL_MAX_DELAY);
 140              		.loc 1 40 5 is_stmt 1 view .LVU25
 141              		.loc 1 40 15 is_stmt 0 view .LVU26
 142 000a 4FF0FF33 		mov	r3, #-1
 143 000e 92B2     		uxth	r2, r2
 144              	.LVL9:
 145              		.loc 1 40 15 view .LVU27
 146 0010 0748     		ldr	r0, .L18
 147              	.LVL10:
 148              		.loc 1 40 15 view .LVU28
 149 0012 0068     		ldr	r0, [r0]
 150 0014 FFF7FEFF 		bl	HAL_UART_Transmit
 151              	.LVL11:
  41:Core/Src/retarget.c ****     if (hstatus == HAL_OK)
 152              		.loc 1 41 5 is_stmt 1 view .LVU29
 153              		.loc 1 41 8 is_stmt 0 view .LVU30
 154 0018 40B9     		cbnz	r0, .L16
  42:Core/Src/retarget.c ****       return len;
 155              		.loc 1 42 14 view .LVU31
 156 001a 2046     		mov	r0, r4
 157              	.LVL12:
 158              	.L13:
  43:Core/Src/retarget.c ****     else
  44:Core/Src/retarget.c ****       return EIO;
  45:Core/Src/retarget.c ****   }
  46:Core/Src/retarget.c ****   errno = EBADF;
  47:Core/Src/retarget.c ****   return -1;
  48:Core/Src/retarget.c **** }
 159              		.loc 1 48 1 view .LVU32
 160 001c 10BD     		pop	{r4, pc}
 161              	.LVL13:
 162              	.L14:
  46:Core/Src/retarget.c ****   return -1;
 163              		.loc 1 46 3 is_stmt 1 view .LVU33
 164 001e FFF7FEFF 		bl	__errno
 165              	.LVL14:
  46:Core/Src/retarget.c ****   return -1;
 166              		.loc 1 46 9 is_stmt 0 view .LVU34
 167 0022 0923     		movs	r3, #9
 168 0024 0360     		str	r3, [r0]
  47:Core/Src/retarget.c **** }
 169              		.loc 1 47 3 is_stmt 1 view .LVU35
  47:Core/Src/retarget.c **** }
 170              		.loc 1 47 10 is_stmt 0 view .LVU36
 171 0026 4FF0FF30 		mov	r0, #-1
 172 002a F7E7     		b	.L13
 173              	.LVL15:
 174              	.L16:
  44:Core/Src/retarget.c ****   }
 175              		.loc 1 44 14 view .LVU37
ARM GAS  /tmp/ccZYWEOa.s 			page 5


 176 002c 0520     		movs	r0, #5
 177              	.LVL16:
  44:Core/Src/retarget.c ****   }
 178              		.loc 1 44 14 view .LVU38
 179 002e F5E7     		b	.L13
 180              	.L19:
 181              		.align	2
 182              	.L18:
 183 0030 00000000 		.word	.LANCHOR0
 184              		.cfi_endproc
 185              	.LFE159:
 187              		.section	.text._close,"ax",%progbits
 188              		.align	1
 189              		.global	_close
 190              		.syntax unified
 191              		.thumb
 192              		.thumb_func
 194              	_close:
 195              	.LVL17:
 196              	.LFB160:
  49:Core/Src/retarget.c **** 
  50:Core/Src/retarget.c **** int _close(int fd) {
 197              		.loc 1 50 20 is_stmt 1 view -0
 198              		.cfi_startproc
 199              		@ args = 0, pretend = 0, frame = 0
 200              		@ frame_needed = 0, uses_anonymous_args = 0
  51:Core/Src/retarget.c ****   if (fd >= STDIN_FILENO && fd <= STDERR_FILENO)
 201              		.loc 1 51 3 view .LVU40
 202              		.loc 1 51 6 is_stmt 0 view .LVU41
 203 0000 0228     		cmp	r0, #2
 204 0002 01D8     		bhi	.L27
  52:Core/Src/retarget.c ****     return 0;
 205              		.loc 1 52 12 view .LVU42
 206 0004 0020     		movs	r0, #0
 207              	.LVL18:
  53:Core/Src/retarget.c **** 
  54:Core/Src/retarget.c ****   errno = EBADF;
  55:Core/Src/retarget.c ****   return -1;
  56:Core/Src/retarget.c **** }
 208              		.loc 1 56 1 view .LVU43
 209 0006 7047     		bx	lr
 210              	.LVL19:
 211              	.L27:
  50:Core/Src/retarget.c ****   if (fd >= STDIN_FILENO && fd <= STDERR_FILENO)
 212              		.loc 1 50 20 view .LVU44
 213 0008 08B5     		push	{r3, lr}
 214              	.LCFI3:
 215              		.cfi_def_cfa_offset 8
 216              		.cfi_offset 3, -8
 217              		.cfi_offset 14, -4
  54:Core/Src/retarget.c ****   return -1;
 218              		.loc 1 54 3 is_stmt 1 view .LVU45
 219 000a FFF7FEFF 		bl	__errno
 220              	.LVL20:
  54:Core/Src/retarget.c ****   return -1;
 221              		.loc 1 54 9 is_stmt 0 view .LVU46
 222 000e 0923     		movs	r3, #9
ARM GAS  /tmp/ccZYWEOa.s 			page 6


 223 0010 0360     		str	r3, [r0]
  55:Core/Src/retarget.c **** }
 224              		.loc 1 55 3 is_stmt 1 view .LVU47
  55:Core/Src/retarget.c **** }
 225              		.loc 1 55 10 is_stmt 0 view .LVU48
 226 0012 4FF0FF30 		mov	r0, #-1
 227              		.loc 1 56 1 view .LVU49
 228 0016 08BD     		pop	{r3, pc}
 229              		.cfi_endproc
 230              	.LFE160:
 232              		.section	.text._lseek,"ax",%progbits
 233              		.align	1
 234              		.global	_lseek
 235              		.syntax unified
 236              		.thumb
 237              		.thumb_func
 239              	_lseek:
 240              	.LVL21:
 241              	.LFB161:
  57:Core/Src/retarget.c **** 
  58:Core/Src/retarget.c **** int _lseek(int fd, int ptr, int dir) {
 242              		.loc 1 58 38 is_stmt 1 view -0
 243              		.cfi_startproc
 244              		@ args = 0, pretend = 0, frame = 0
 245              		@ frame_needed = 0, uses_anonymous_args = 0
 246              		.loc 1 58 38 is_stmt 0 view .LVU51
 247 0000 08B5     		push	{r3, lr}
 248              	.LCFI4:
 249              		.cfi_def_cfa_offset 8
 250              		.cfi_offset 3, -8
 251              		.cfi_offset 14, -4
  59:Core/Src/retarget.c ****   (void) fd;
 252              		.loc 1 59 3 is_stmt 1 view .LVU52
  60:Core/Src/retarget.c ****   (void) ptr;
 253              		.loc 1 60 3 view .LVU53
  61:Core/Src/retarget.c ****   (void) dir;
 254              		.loc 1 61 3 view .LVU54
  62:Core/Src/retarget.c **** 
  63:Core/Src/retarget.c ****   errno = EBADF;
 255              		.loc 1 63 3 view .LVU55
 256 0002 FFF7FEFF 		bl	__errno
 257              	.LVL22:
 258              		.loc 1 63 9 is_stmt 0 view .LVU56
 259 0006 0923     		movs	r3, #9
 260 0008 0360     		str	r3, [r0]
  64:Core/Src/retarget.c ****   return -1;
 261              		.loc 1 64 3 is_stmt 1 view .LVU57
  65:Core/Src/retarget.c **** }
 262              		.loc 1 65 1 is_stmt 0 view .LVU58
 263 000a 4FF0FF30 		mov	r0, #-1
 264 000e 08BD     		pop	{r3, pc}
 265              		.cfi_endproc
 266              	.LFE161:
 268              		.section	.text._read,"ax",%progbits
 269              		.align	1
 270              		.global	_read
 271              		.syntax unified
ARM GAS  /tmp/ccZYWEOa.s 			page 7


 272              		.thumb
 273              		.thumb_func
 275              	_read:
 276              	.LVL23:
 277              	.LFB162:
  66:Core/Src/retarget.c **** 
  67:Core/Src/retarget.c **** int _read(int fd, char* ptr, int len) {
 278              		.loc 1 67 39 is_stmt 1 view -0
 279              		.cfi_startproc
 280              		@ args = 0, pretend = 0, frame = 0
 281              		@ frame_needed = 0, uses_anonymous_args = 0
 282              		.loc 1 67 39 is_stmt 0 view .LVU60
 283 0000 08B5     		push	{r3, lr}
 284              	.LCFI5:
 285              		.cfi_def_cfa_offset 8
 286              		.cfi_offset 3, -8
 287              		.cfi_offset 14, -4
  68:Core/Src/retarget.c ****   HAL_StatusTypeDef hstatus;
 288              		.loc 1 68 3 is_stmt 1 view .LVU61
  69:Core/Src/retarget.c **** 
  70:Core/Src/retarget.c ****   if (fd == STDIN_FILENO) {
 289              		.loc 1 70 3 view .LVU62
 290              		.loc 1 70 6 is_stmt 0 view .LVU63
 291 0002 48B9     		cbnz	r0, .L31
  71:Core/Src/retarget.c ****     hstatus = HAL_UART_Receive(gHuart, (uint8_t *) ptr, 1, HAL_MAX_DELAY);
 292              		.loc 1 71 5 is_stmt 1 view .LVU64
 293              		.loc 1 71 15 is_stmt 0 view .LVU65
 294 0004 4FF0FF33 		mov	r3, #-1
 295 0008 0122     		movs	r2, #1
 296              	.LVL24:
 297              		.loc 1 71 15 view .LVU66
 298 000a 0848     		ldr	r0, .L35
 299              	.LVL25:
 300              		.loc 1 71 15 view .LVU67
 301 000c 0068     		ldr	r0, [r0]
 302 000e FFF7FEFF 		bl	HAL_UART_Receive
 303              	.LVL26:
  72:Core/Src/retarget.c ****     if (hstatus == HAL_OK)
 304              		.loc 1 72 5 is_stmt 1 view .LVU68
 305              		.loc 1 72 8 is_stmt 0 view .LVU69
 306 0012 40B9     		cbnz	r0, .L33
  73:Core/Src/retarget.c ****       return 1;
 307              		.loc 1 73 14 view .LVU70
 308 0014 0120     		movs	r0, #1
 309              	.LVL27:
 310              	.L30:
  74:Core/Src/retarget.c ****     else
  75:Core/Src/retarget.c ****       return EIO;
  76:Core/Src/retarget.c ****   }
  77:Core/Src/retarget.c ****   errno = EBADF;
  78:Core/Src/retarget.c ****   return -1;
  79:Core/Src/retarget.c **** }
 311              		.loc 1 79 1 view .LVU71
 312 0016 08BD     		pop	{r3, pc}
 313              	.LVL28:
 314              	.L31:
  77:Core/Src/retarget.c ****   return -1;
ARM GAS  /tmp/ccZYWEOa.s 			page 8


 315              		.loc 1 77 3 is_stmt 1 view .LVU72
 316 0018 FFF7FEFF 		bl	__errno
 317              	.LVL29:
  77:Core/Src/retarget.c ****   return -1;
 318              		.loc 1 77 9 is_stmt 0 view .LVU73
 319 001c 0923     		movs	r3, #9
 320 001e 0360     		str	r3, [r0]
  78:Core/Src/retarget.c **** }
 321              		.loc 1 78 3 is_stmt 1 view .LVU74
  78:Core/Src/retarget.c **** }
 322              		.loc 1 78 10 is_stmt 0 view .LVU75
 323 0020 4FF0FF30 		mov	r0, #-1
 324 0024 F7E7     		b	.L30
 325              	.LVL30:
 326              	.L33:
  75:Core/Src/retarget.c ****   }
 327              		.loc 1 75 14 view .LVU76
 328 0026 0520     		movs	r0, #5
 329              	.LVL31:
  75:Core/Src/retarget.c ****   }
 330              		.loc 1 75 14 view .LVU77
 331 0028 F5E7     		b	.L30
 332              	.L36:
 333 002a 00BF     		.align	2
 334              	.L35:
 335 002c 00000000 		.word	.LANCHOR0
 336              		.cfi_endproc
 337              	.LFE162:
 339              		.section	.text._fstat,"ax",%progbits
 340              		.align	1
 341              		.global	_fstat
 342              		.syntax unified
 343              		.thumb
 344              		.thumb_func
 346              	_fstat:
 347              	.LVL32:
 348              	.LFB163:
  80:Core/Src/retarget.c **** 
  81:Core/Src/retarget.c **** int _fstat(int fd, struct stat* st) {
 349              		.loc 1 81 37 is_stmt 1 view -0
 350              		.cfi_startproc
 351              		@ args = 0, pretend = 0, frame = 0
 352              		@ frame_needed = 0, uses_anonymous_args = 0
 353              		.loc 1 81 37 is_stmt 0 view .LVU79
 354 0000 08B5     		push	{r3, lr}
 355              	.LCFI6:
 356              		.cfi_def_cfa_offset 8
 357              		.cfi_offset 3, -8
 358              		.cfi_offset 14, -4
  82:Core/Src/retarget.c ****   if (fd >= STDIN_FILENO && fd <= STDERR_FILENO) {
 359              		.loc 1 82 3 is_stmt 1 view .LVU80
 360              		.loc 1 82 6 is_stmt 0 view .LVU81
 361 0002 0228     		cmp	r0, #2
 362 0004 04D8     		bhi	.L38
  83:Core/Src/retarget.c ****     st->st_mode = S_IFCHR;
 363              		.loc 1 83 5 is_stmt 1 view .LVU82
 364              		.loc 1 83 17 is_stmt 0 view .LVU83
ARM GAS  /tmp/ccZYWEOa.s 			page 9


 365 0006 4FF40053 		mov	r3, #8192
 366 000a 4B60     		str	r3, [r1, #4]
  84:Core/Src/retarget.c ****     return 0;
 367              		.loc 1 84 5 is_stmt 1 view .LVU84
 368              	.LVL33:
 369              	.L39:
  85:Core/Src/retarget.c ****   }
  86:Core/Src/retarget.c **** 
  87:Core/Src/retarget.c ****   errno = EBADF;
  88:Core/Src/retarget.c ****   return 0;
  89:Core/Src/retarget.c **** }
 370              		.loc 1 89 1 is_stmt 0 view .LVU85
 371 000c 0020     		movs	r0, #0
 372 000e 08BD     		pop	{r3, pc}
 373              	.LVL34:
 374              	.L38:
  87:Core/Src/retarget.c ****   return 0;
 375              		.loc 1 87 3 is_stmt 1 view .LVU86
 376 0010 FFF7FEFF 		bl	__errno
 377              	.LVL35:
  87:Core/Src/retarget.c ****   return 0;
 378              		.loc 1 87 9 is_stmt 0 view .LVU87
 379 0014 0923     		movs	r3, #9
 380 0016 0360     		str	r3, [r0]
  88:Core/Src/retarget.c **** }
 381              		.loc 1 88 3 is_stmt 1 view .LVU88
  88:Core/Src/retarget.c **** }
 382              		.loc 1 88 10 is_stmt 0 view .LVU89
 383 0018 F8E7     		b	.L39
 384              		.cfi_endproc
 385              	.LFE163:
 387              		.global	gHuart
 388              		.section	.bss.gHuart,"aw",%nobits
 389              		.align	2
 390              		.set	.LANCHOR0,. + 0
 393              	gHuart:
 394 0000 00000000 		.space	4
 395              		.text
 396              	.Letext0:
 397              		.file 2 "/usr/share/gcc-arm-none-eabi-10.3-2021.10/lib/gcc/arm-none-eabi/10.3.1/include/stddef.h"
 398              		.file 3 "/usr/share/gcc-arm-none-eabi-10.3-2021.10/arm-none-eabi/include/machine/_default_types.h"
 399              		.file 4 "/usr/share/gcc-arm-none-eabi-10.3-2021.10/arm-none-eabi/include/sys/_types.h"
 400              		.file 5 "/usr/share/gcc-arm-none-eabi-10.3-2021.10/arm-none-eabi/include/sys/reent.h"
 401              		.file 6 "/usr/share/gcc-arm-none-eabi-10.3-2021.10/arm-none-eabi/include/sys/lock.h"
 402              		.file 7 "/usr/share/gcc-arm-none-eabi-10.3-2021.10/arm-none-eabi/include/sys/_timeval.h"
 403              		.file 8 "/usr/share/gcc-arm-none-eabi-10.3-2021.10/arm-none-eabi/include/sys/_stdint.h"
 404              		.file 9 "/usr/share/gcc-arm-none-eabi-10.3-2021.10/arm-none-eabi/include/sys/_timespec.h"
 405              		.file 10 "/usr/share/gcc-arm-none-eabi-10.3-2021.10/arm-none-eabi/include/sys/types.h"
 406              		.file 11 "/home/barnecle/STM32Cube/Repository/STM32Cube_FW_L4_V1.17.1/Drivers/CMSIS/Device/ST/STM3
 407              		.file 12 "/home/barnecle/STM32Cube/Repository/STM32Cube_FW_L4_V1.17.1/Drivers/STM32L4xx_HAL_Driver
 408              		.file 13 "/home/barnecle/STM32Cube/Repository/STM32Cube_FW_L4_V1.17.1/Drivers/STM32L4xx_HAL_Driver
 409              		.file 14 "/home/barnecle/STM32Cube/Repository/STM32Cube_FW_L4_V1.17.1/Drivers/STM32L4xx_HAL_Driver
 410              		.file 15 "/usr/share/gcc-arm-none-eabi-10.3-2021.10/arm-none-eabi/include/sys/stat.h"
 411              		.file 16 "/usr/share/gcc-arm-none-eabi-10.3-2021.10/arm-none-eabi/include/sys/errno.h"
 412              		.file 17 "/usr/share/gcc-arm-none-eabi-10.3-2021.10/arm-none-eabi/include/stdio.h"
ARM GAS  /tmp/ccZYWEOa.s 			page 10


DEFINED SYMBOLS
                            *ABS*:0000000000000000 retarget.c
     /tmp/ccZYWEOa.s:20     .text.RetargetInit:0000000000000000 $t
     /tmp/ccZYWEOa.s:26     .text.RetargetInit:0000000000000000 RetargetInit
     /tmp/ccZYWEOa.s:61     .text.RetargetInit:0000000000000018 $d
     /tmp/ccZYWEOa.s:67     .text._isatty:0000000000000000 $t
     /tmp/ccZYWEOa.s:73     .text._isatty:0000000000000000 _isatty
     /tmp/ccZYWEOa.s:112    .text._write:0000000000000000 $t
     /tmp/ccZYWEOa.s:118    .text._write:0000000000000000 _write
     /tmp/ccZYWEOa.s:183    .text._write:0000000000000030 $d
     /tmp/ccZYWEOa.s:188    .text._close:0000000000000000 $t
     /tmp/ccZYWEOa.s:194    .text._close:0000000000000000 _close
     /tmp/ccZYWEOa.s:233    .text._lseek:0000000000000000 $t
     /tmp/ccZYWEOa.s:239    .text._lseek:0000000000000000 _lseek
     /tmp/ccZYWEOa.s:269    .text._read:0000000000000000 $t
     /tmp/ccZYWEOa.s:275    .text._read:0000000000000000 _read
     /tmp/ccZYWEOa.s:335    .text._read:000000000000002c $d
     /tmp/ccZYWEOa.s:340    .text._fstat:0000000000000000 $t
     /tmp/ccZYWEOa.s:346    .text._fstat:0000000000000000 _fstat
     /tmp/ccZYWEOa.s:393    .bss.gHuart:0000000000000000 gHuart
     /tmp/ccZYWEOa.s:389    .bss.gHuart:0000000000000000 $d

UNDEFINED SYMBOLS
setvbuf
_impure_ptr
__errno
HAL_UART_Transmit
HAL_UART_Receive
